<?xml version="1.0" encoding="UTF-8"?>
<testng-results skipped="0" failed="1" ignored="0" total="2" passed="1">
  <reporter-output>
  </reporter-output>
  <suite name="Default suite" duration-ms="44402" started-at="2019-08-26T18:59:39 IST" finished-at="2019-08-26T19:00:23 IST">
    <groups>
    </groups>
    <test name="Default test" duration-ms="44402" started-at="2019-08-26T18:59:39 IST" finished-at="2019-08-26T19:00:23 IST">
      <class name="com.matraex.BBB.Android.BBBConsumerAndroid.NewTest1">
        <test-method status="PASS" signature="launch()[pri:0, instance:com.matraex.BBB.Android.BBBConsumerAndroid.NewTest1@101df177]" name="launch" is-config="true" duration-ms="5844" started-at="2019-08-26T18:59:39 IST" finished-at="2019-08-26T18:59:45 IST">
          <reporter-output>
          </reporter-output>
        </test-method> <!-- launch -->
        <test-method status="FAIL" signature="clickOnNoButtonForGps()[pri:0, instance:com.matraex.BBB.Android.BBBConsumerAndroid.NewTest1@101df177]" name="clickOnNoButtonForGps" duration-ms="30329" started-at="2019-08-26T18:59:45 IST" finished-at="2019-08-26T19:00:15 IST">
          <exception class="org.openqa.selenium.NoSuchElementException">
            <message>
              <![CDATA[An element could not be located on the page using the given search parameters. (WARNING: The server did not provide any stacktrace information)
Command duration or timeout: 30.32 seconds
For documentation on this error, please visit: http://seleniumhq.org/exceptions/no_such_element.html
Build info: version: '2.53.1', revision: 'a36b8b1cd5757287168e54b817830adce9b0158d', time: '2016-06-30 19:26:09'
System info: host: 'mataraex-System-Product-Name', ip: '127.0.1.1', os.name: 'Linux', os.arch: 'amd64', os.version: '4.15.0-58-generic', java.version: '1.8.0_222'
Driver info: io.appium.java_client.android.AndroidDriver
Capabilities [{appPackage=com.matraex.bbb.consumer2, deviceScreenSize=1080x1920, networkConnectionEnabled=true, warnings={}, databaseEnabled=false, deviceName=ZY32287TKD, deviceid=ZY32287TKD, platform=LINUX, deviceUDID=ZY32287TKD, appActivity=activities.splashactivity, desired={appPackage=com.matraex.bbb.consumer2, appActivity=activities.splashactivity, platformVersion=8.1.0, platformName=Android, deviceName=device, deviceid=ZY32287TKD}, platformVersion=8.1.0, webStorageEnabled=false, locationContextEnabled=false, takesScreenshot=true, javascriptEnabled=true, deviceModel=Moto G (5S) Plus, platformName=Android, deviceManufacturer=motorola}]
Session ID: 8669fc7a-117b-4b9a-92b4-26f5ec264125
*** Element info: {Using=xpath, value=//android.widget.Button[contains(@resource-id, 'button2') and @index='0']}]]>
            </message>
            <full-stacktrace>
              <![CDATA[org.openqa.selenium.NoSuchElementException: An element could not be located on the page using the given search parameters. (WARNING: The server did not provide any stacktrace information)
Command duration or timeout: 30.32 seconds
For documentation on this error, please visit: http://seleniumhq.org/exceptions/no_such_element.html
Build info: version: '2.53.1', revision: 'a36b8b1cd5757287168e54b817830adce9b0158d', time: '2016-06-30 19:26:09'
System info: host: 'mataraex-System-Product-Name', ip: '127.0.1.1', os.name: 'Linux', os.arch: 'amd64', os.version: '4.15.0-58-generic', java.version: '1.8.0_222'
Driver info: io.appium.java_client.android.AndroidDriver
Capabilities [{appPackage=com.matraex.bbb.consumer2, deviceScreenSize=1080x1920, networkConnectionEnabled=true, warnings={}, databaseEnabled=false, deviceName=ZY32287TKD, deviceid=ZY32287TKD, platform=LINUX, deviceUDID=ZY32287TKD, appActivity=activities.splashactivity, desired={appPackage=com.matraex.bbb.consumer2, appActivity=activities.splashactivity, platformVersion=8.1.0, platformName=Android, deviceName=device, deviceid=ZY32287TKD}, platformVersion=8.1.0, webStorageEnabled=false, locationContextEnabled=false, takesScreenshot=true, javascriptEnabled=true, deviceModel=Moto G (5S) Plus, platformName=Android, deviceManufacturer=motorola}]
Session ID: 8669fc7a-117b-4b9a-92b4-26f5ec264125
*** Element info: {Using=xpath, value=//android.widget.Button[contains(@resource-id, 'button2') and @index='0']}
at sun.reflect.NativeConstructorAccessorImpl.newInstance0(Native Method)
at sun.reflect.NativeConstructorAccessorImpl.newInstance(NativeConstructorAccessorImpl.java:62)
at sun.reflect.DelegatingConstructorAccessorImpl.newInstance(DelegatingConstructorAccessorImpl.java:45)
at java.lang.reflect.Constructor.newInstance(Constructor.java:423)
at org.openqa.selenium.remote.ErrorHandler.createThrowable(ErrorHandler.java:206)
at org.openqa.selenium.remote.ErrorHandler.throwIfResponseFailed(ErrorHandler.java:158)
at org.openqa.selenium.remote.RemoteWebDriver.execute(RemoteWebDriver.java:678)
at io.appium.java_client.DefaultGenericMobileDriver.execute(DefaultGenericMobileDriver.java:40)
at io.appium.java_client.AppiumDriver.execute(AppiumDriver.java:1)
at io.appium.java_client.android.AndroidDriver.execute(AndroidDriver.java:1)
at org.openqa.selenium.remote.RemoteWebDriver.findElement(RemoteWebDriver.java:363)
at io.appium.java_client.DefaultGenericMobileDriver.findElement(DefaultGenericMobileDriver.java:56)
at io.appium.java_client.AppiumDriver.findElement(AppiumDriver.java:1)
at io.appium.java_client.android.AndroidDriver.findElement(AndroidDriver.java:1)
at org.openqa.selenium.remote.RemoteWebDriver.findElementByXPath(RemoteWebDriver.java:500)
at io.appium.java_client.DefaultGenericMobileDriver.findElementByXPath(DefaultGenericMobileDriver.java:134)
at io.appium.java_client.AppiumDriver.findElementByXPath(AppiumDriver.java:1)
at io.appium.java_client.android.AndroidDriver.findElementByXPath(AndroidDriver.java:1)
at org.openqa.selenium.By$ByXPath.findElement(By.java:361)
at org.openqa.selenium.remote.RemoteWebDriver.findElement(RemoteWebDriver.java:355)
at io.appium.java_client.DefaultGenericMobileDriver.findElement(DefaultGenericMobileDriver.java:52)
at io.appium.java_client.AppiumDriver.findElement(AppiumDriver.java:1)
at io.appium.java_client.android.AndroidDriver.findElement(AndroidDriver.java:1)
at com.matraex.BBB.Android.BBBConsumerAndroid.IntroScreen.IntroScreeen.gpsEnable(IntroScreeen.java:15)
at com.matraex.BBB.Android.BBBConsumerAndroid.NewTest1.clickOnNoButtonForGps(NewTest1.java:23)
at sun.reflect.NativeMethodAccessorImpl.invoke0(Native Method)
at sun.reflect.NativeMethodAccessorImpl.invoke(NativeMethodAccessorImpl.java:62)
at sun.reflect.DelegatingMethodAccessorImpl.invoke(DelegatingMethodAccessorImpl.java:43)
at java.lang.reflect.Method.invoke(Method.java:498)
at org.testng.internal.MethodInvocationHelper.invokeMethod(MethodInvocationHelper.java:133)
at org.testng.internal.TestInvoker.invokeMethod(TestInvoker.java:584)
at org.testng.internal.TestInvoker.invokeTestMethod(TestInvoker.java:172)
at org.testng.internal.MethodRunner.runInSequence(MethodRunner.java:46)
at org.testng.internal.TestInvoker$MethodInvocationAgent.invoke(TestInvoker.java:804)
at org.testng.internal.TestInvoker.invokeTestMethods(TestInvoker.java:145)
at org.testng.internal.TestMethodWorker.invokeTestMethods(TestMethodWorker.java:146)
at org.testng.internal.TestMethodWorker.run(TestMethodWorker.java:128)
at java.util.ArrayList.forEach(ArrayList.java:1257)
at org.testng.TestRunner.privateRun(TestRunner.java:770)
at org.testng.TestRunner.run(TestRunner.java:591)
at org.testng.SuiteRunner.runTest(SuiteRunner.java:402)
at org.testng.SuiteRunner.runSequentially(SuiteRunner.java:396)
at org.testng.SuiteRunner.privateRun(SuiteRunner.java:355)
at org.testng.SuiteRunner.run(SuiteRunner.java:304)
at org.testng.SuiteRunnerWorker.runSuite(SuiteRunnerWorker.java:53)
at org.testng.SuiteRunnerWorker.run(SuiteRunnerWorker.java:96)
at org.testng.TestNG.runSuitesSequentially(TestNG.java:1180)
at org.testng.TestNG.runSuitesLocally(TestNG.java:1102)
at org.testng.TestNG.runSuites(TestNG.java:1032)
at org.testng.TestNG.run(TestNG.java:1000)
at org.testng.remote.AbstractRemoteTestNG.run(AbstractRemoteTestNG.java:115)
at org.testng.remote.RemoteTestNG.initAndRun(RemoteTestNG.java:251)
at org.testng.remote.RemoteTestNG.main(RemoteTestNG.java:77)
]]>
            </full-stacktrace>
          </exception> <!-- org.openqa.selenium.NoSuchElementException -->
          <reporter-output>
          </reporter-output>
        </test-method> <!-- clickOnNoButtonForGps -->
        <test-method status="PASS" signature="clickOnNoGPSSearchButton()[pri:0, instance:com.matraex.BBB.Android.BBBConsumerAndroid.NewTest1@101df177]" name="clickOnNoGPSSearchButton" duration-ms="8203" started-at="2019-08-26T19:00:15 IST" finished-at="2019-08-26T19:00:23 IST">
          <reporter-output>
          </reporter-output>
        </test-method> <!-- clickOnNoGPSSearchButton -->
      </class> <!-- com.matraex.BBB.Android.BBBConsumerAndroid.NewTest1 -->
    </test> <!-- Default test -->
  </suite> <!-- Default suite -->
</testng-results>
